<?xml version="1.0" encoding="UTF-8"?>
<!-- Generated by org.testng.reporters.JUnitReportReporter -->
<testsuite hostname="LP-TZ-0X107825" failures="0" tests="4" name="com.tpo.test.HomePageTest1" time="9.461" errors="0" timestamp="2023-02-24T04:07:39 IST" skipped="0">
  <testcase classname="com.tpo.test.HomePageTest1" name="launchBrowser" time="5.000"/>
  <system-out/>
  <testcase classname="com.tpo.test.HomePageTest1" name="searchResult" time="4.126"/>
  <system-out/>
  <testcase classname="com.tpo.test.HomePageTest1" name="validateResult" time="0.033"/>
  <system-out/>
  <testcase classname="com.tpo.test.HomePageTest1" name="closeBrowser" time="0.302"/>
  <system-out/>
</testsuite> <!-- com.tpo.test.HomePageTest1 -->
